<?xml version="1.0" encoding="UTF-8"?>
<!-- Generated by org.testng.reporters.JUnitReportReporter -->
<testsuite hostname="LAPTOP-LRIN3AGD" failures="0" tests="2" name="demoproject.selenium.Localizadore" time="12.999" errors="0" timestamp="2022-02-07T23:14:36 CST" skipped="0">
  <testcase classname="demoproject.selenium.Localizadore" name="registerUser" time="12.736"/>
  <system-out/>
  <testcase classname="demoproject.selenium.Localizadore" name="tearDown" time="0.263"/>
  <system-out/>
</testsuite> <!-- demoproject.selenium.Localizadore -->
